# JRE version: Java(TM) SE Runtime Environment 18.9 (11.0.11+9) (build 11.0.11+9-LTS-194)
# Java VM: Java HotSpot(TM) 64-Bit Server VM 18.9 (11.0.11+9-LTS-194, mixed mode, tiered, compressed oops, g1 gc, windows-amd64)
Heap:
 garbage-first heap   total 155648K, used 13755K [0x0000000083200000, 0x0000000100000000)
  region size 1024K, 7 young (7168K), 7 survivors (7168K)
 Metaspace       used 34900K, capacity 35855K, committed 35920K, reserved 1081344K
  class space    used 4055K, capacity 4460K, committed 4480K, reserved 1048576K
GC Heap History (9 events):
Event: 1.822 GC heap before
{Heap before GC invocations=0 (full 0):
 garbage-first heap   total 129024K, used 24576K [0x0000000083200000, 0x0000000100000000)
  region size 1024K, 24 young (24576K), 0 survivors (0K)
 Metaspace       used 11835K, capacity 12020K, committed 12288K, reserved 1060864K
  class space    used 1144K, capacity 1218K, committed 1280K, reserved 1048576K
}
Event: 1.836 GC heap after
{Heap after GC invocations=1 (full 0):
 garbage-first heap   total 129024K, used 6448K [0x0000000083200000, 0x0000000100000000)
  region size 1024K, 3 young (3072K), 3 survivors (3072K)
 Metaspace       used 11835K, capacity 12020K, committed 12288K, reserved 1060864K
  class space    used 1144K, capacity 1218K, committed 1280K, reserved 1048576K
}
Event: 3.096 GC heap before
{Heap before GC invocations=1 (full 0):
 garbage-first heap   total 129024K, used 47408K [0x0000000083200000, 0x0000000100000000)
  region size 1024K, 45 young (46080K), 3 survivors (3072K)
 Metaspace       used 20646K, capacity 21164K, committed 21296K, reserved 1069056K
  class space    used 2262K, capacity 2474K, committed 2560K, reserved 1048576K
}
Event: 3.110 GC heap after
{Heap after GC invocations=2 (full 0):
 garbage-first heap   total 129024K, used 8256K [0x0000000083200000, 0x0000000100000000)
  region size 1024K, 5 young (5120K), 5 survivors (5120K)
 Metaspace       used 20646K, capacity 21164K, committed 21296K, reserved 1069056K
  class space    used 2262K, capacity 2474K, committed 2560K, reserved 1048576K
}
Event: 3.735 GC heap before
{Heap before GC invocations=3 (full 0):
 garbage-first heap   total 129024K, used 53312K [0x0000000083200000, 0x0000000100000000)
  region size 1024K, 50 young (51200K), 5 survivors (5120K)
 Metaspace       used 25093K, capacity 25735K, committed 25856K, reserved 1073152K
  class space    used 2834K, capacity 3065K, committed 3072K, reserved 1048576K
}
Event: 3.745 GC heap after
{Heap after GC invocations=4 (full 0):
 garbage-first heap   total 129024K, used 9531K [0x0000000083200000, 0x0000000100000000)
  region size 1024K, 3 young (3072K), 3 survivors (3072K)
 Metaspace       used 25093K, capacity 25735K, committed 25856K, reserved 1073152K
  class space    used 2834K, capacity 3065K, committed 3072K, reserved 1048576K
}
Event: 5.229 GC heap before
{Heap before GC invocations=4 (full 0):
 garbage-first heap   total 129024K, used 66875K [0x0000000083200000, 0x0000000100000000)
  region size 1024K, 60 young (61440K), 3 survivors (3072K)
 Metaspace       used 28710K, capacity 29443K, committed 29696K, reserved 1075200K
  class space    used 3249K, capacity 3544K, committed 3584K, reserved 1048576K
}
Event: 5.244 GC heap after
{Heap after GC invocations=5 (full 0):
 garbage-first heap   total 129024K, used 11026K [0x0000000083200000, 0x0000000100000000)
  region size 1024K, 5 young (5120K), 5 survivors (5120K)
 Metaspace       used 28710K, capacity 29443K, committed 29696K, reserved 1075200K
  class space    used 3249K, capacity 3544K, committed 3584K, reserved 1048576K
}
Event: 7.548 GC heap before
{Heap before GC invocations=5 (full 0):
 garbage-first heap   total 129024K, used 48914K [0x0000000083200000, 0x0000000100000000)
  region size 1024K, 43 young (44032K), 5 survivors (5120K)
 Metaspace       used 34900K, capacity 35855K, committed 35920K, reserved 1081344K
  class space    used 4055K, capacity 4460K, committed 4480K, reserved 1048576K
}

