# JRE version: Java(TM) SE Runtime Environment 18.9 (11.0.11+9) (build 11.0.11+9-LTS-194)
# Java VM: Java HotSpot(TM) 64-Bit Server VM 18.9 (11.0.11+9-LTS-194, mixed mode, tiered, compressed oops, g1 gc, windows-amd64)
Heap:
 garbage-first heap   total 129024K, used 20638K [0x0000000083200000, 0x0000000100000000)
  region size 1024K, 15 young (15360K), 4 survivors (4096K)
 Metaspace       used 28782K, capacity 29491K, committed 29696K, reserved 1075200K
  class space    used 3258K, capacity 3544K, committed 3584K, reserved 1048576K
GC Heap History (8 events):
Event: 1.716 GC heap before
{Heap before GC invocations=0 (full 0):
 garbage-first heap   total 129024K, used 24576K [0x0000000083200000, 0x0000000100000000)
  region size 1024K, 24 young (24576K), 0 survivors (0K)
 Metaspace       used 11835K, capacity 12068K, committed 12288K, reserved 1060864K
  class space    used 1141K, capacity 1218K, committed 1280K, reserved 1048576K
}
Event: 1.727 GC heap after
{Heap after GC invocations=1 (full 0):
 garbage-first heap   total 129024K, used 6581K [0x0000000083200000, 0x0000000100000000)
  region size 1024K, 3 young (3072K), 3 survivors (3072K)
 Metaspace       used 11835K, capacity 12068K, committed 12288K, reserved 1060864K
  class space    used 1141K, capacity 1218K, committed 1280K, reserved 1048576K
}
Event: 3.019 GC heap before
{Heap before GC invocations=1 (full 0):
 garbage-first heap   total 129024K, used 47541K [0x0000000083200000, 0x0000000100000000)
  region size 1024K, 45 young (46080K), 3 survivors (3072K)
 Metaspace       used 20630K, capacity 21146K, committed 21248K, reserved 1069056K
  class space    used 2254K, capacity 2473K, committed 2560K, reserved 1048576K
}
Event: 3.031 GC heap after
{Heap after GC invocations=2 (full 0):
 garbage-first heap   total 129024K, used 8200K [0x0000000083200000, 0x0000000100000000)
  region size 1024K, 5 young (5120K), 5 survivors (5120K)
 Metaspace       used 20630K, capacity 21146K, committed 21248K, reserved 1069056K
  class space    used 2254K, capacity 2473K, committed 2560K, reserved 1048576K
}
Event: 3.636 GC heap before
{Heap before GC invocations=3 (full 0):
 garbage-first heap   total 129024K, used 45064K [0x0000000083200000, 0x0000000100000000)
  region size 1024K, 42 young (43008K), 5 survivors (5120K)
 Metaspace       used 25105K, capacity 25718K, committed 25856K, reserved 1073152K
  class space    used 2834K, capacity 3065K, committed 3072K, reserved 1048576K
}
Event: 3.644 GC heap after
{Heap after GC invocations=4 (full 0):
 garbage-first heap   total 129024K, used 9265K [0x0000000083200000, 0x0000000100000000)
  region size 1024K, 3 young (3072K), 3 survivors (3072K)
 Metaspace       used 25105K, capacity 25718K, committed 25856K, reserved 1073152K
  class space    used 2834K, capacity 3065K, committed 3072K, reserved 1048576K
}
Event: 4.704 GC heap before
{Heap before GC invocations=4 (full 0):
 garbage-first heap   total 129024K, used 64561K [0x0000000083200000, 0x0000000100000000)
  region size 1024K, 58 young (59392K), 3 survivors (3072K)
 Metaspace       used 27470K, capacity 28165K, committed 28288K, reserved 1075200K
  class space    used 3087K, capacity 3359K, committed 3456K, reserved 1048576K
}
Event: 4.715 GC heap after
{Heap after GC invocations=5 (full 0):
 garbage-first heap   total 129024K, used 10398K [0x0000000083200000, 0x0000000100000000)
  region size 1024K, 4 young (4096K), 4 survivors (4096K)
 Metaspace       used 27470K, capacity 28165K, committed 28288K, reserved 1075200K
  class space    used 3087K, capacity 3359K, committed 3456K, reserved 1048576K
}

