# JRE version: Java(TM) SE Runtime Environment 18.9 (11.0.11+9) (build 11.0.11+9-LTS-194)
# Java VM: Java HotSpot(TM) 64-Bit Server VM 18.9 (11.0.11+9-LTS-194, mixed mode, tiered, compressed oops, g1 gc, windows-amd64)
Heap:
 garbage-first heap   total 155648K, used 13590K [0x0000000083200000, 0x0000000100000000)
  region size 1024K, 7 young (7168K), 7 survivors (7168K)
 Metaspace       used 34815K, capacity 35787K, committed 35840K, reserved 1081344K
  class space    used 4050K, capacity 4458K, committed 4480K, reserved 1048576K
GC Heap History (9 events):
Event: 1.953 GC heap before
{Heap before GC invocations=0 (full 0):
 garbage-first heap   total 129024K, used 24576K [0x0000000083200000, 0x0000000100000000)
  region size 1024K, 24 young (24576K), 0 survivors (0K)
 Metaspace       used 11852K, capacity 12084K, committed 12288K, reserved 1060864K
  class space    used 1145K, capacity 1218K, committed 1280K, reserved 1048576K
}
Event: 1.969 GC heap after
{Heap after GC invocations=1 (full 0):
 garbage-first heap   total 129024K, used 6369K [0x0000000083200000, 0x0000000100000000)
  region size 1024K, 3 young (3072K), 3 survivors (3072K)
 Metaspace       used 11852K, capacity 12084K, committed 12288K, reserved 1060864K
  class space    used 1145K, capacity 1218K, committed 1280K, reserved 1048576K
}
Event: 3.349 GC heap before
{Heap before GC invocations=1 (full 0):
 garbage-first heap   total 129024K, used 46305K [0x0000000083200000, 0x0000000100000000)
  region size 1024K, 44 young (45056K), 3 survivors (3072K)
 Metaspace       used 20597K, capacity 21103K, committed 21248K, reserved 1069056K
  class space    used 2255K, capacity 2475K, committed 2560K, reserved 1048576K
}
Event: 3.365 GC heap after
{Heap after GC invocations=2 (full 0):
 garbage-first heap   total 129024K, used 8360K [0x0000000083200000, 0x0000000100000000)
  region size 1024K, 5 young (5120K), 5 survivors (5120K)
 Metaspace       used 20597K, capacity 21103K, committed 21248K, reserved 1069056K
  class space    used 2255K, capacity 2475K, committed 2560K, reserved 1048576K
}
Event: 4.088 GC heap before
{Heap before GC invocations=3 (full 0):
 garbage-first heap   total 129024K, used 49320K [0x0000000083200000, 0x0000000100000000)
  region size 1024K, 46 young (47104K), 5 survivors (5120K)
 Metaspace       used 25138K, capacity 25765K, committed 25984K, reserved 1073152K
  class space    used 2837K, capacity 3097K, committed 3200K, reserved 1048576K
}
Event: 4.102 GC heap after
{Heap after GC invocations=4 (full 0):
 garbage-first heap   total 129024K, used 9460K [0x0000000083200000, 0x0000000100000000)
  region size 1024K, 3 young (3072K), 3 survivors (3072K)
 Metaspace       used 25138K, capacity 25765K, committed 25984K, reserved 1073152K
  class space    used 2837K, capacity 3097K, committed 3200K, reserved 1048576K
}
Event: 5.716 GC heap before
{Heap before GC invocations=4 (full 0):
 garbage-first heap   total 129024K, used 65780K [0x0000000083200000, 0x0000000100000000)
  region size 1024K, 59 young (60416K), 3 survivors (3072K)
 Metaspace       used 27993K, capacity 28704K, committed 28800K, reserved 1075200K
  class space    used 3149K, capacity 3425K, committed 3456K, reserved 1048576K
}
Event: 5.734 GC heap after
{Heap after GC invocations=5 (full 0):
 garbage-first heap   total 129024K, used 10753K [0x0000000083200000, 0x0000000100000000)
  region size 1024K, 5 young (5120K), 5 survivors (5120K)
 Metaspace       used 27993K, capacity 28704K, committed 28800K, reserved 1075200K
  class space    used 3149K, capacity 3425K, committed 3456K, reserved 1048576K
}
Event: 8.634 GC heap before
{Heap before GC invocations=5 (full 0):
 garbage-first heap   total 129024K, used 54785K [0x0000000083200000, 0x0000000100000000)
  region size 1024K, 49 young (50176K), 5 survivors (5120K)
 Metaspace       used 34815K, capacity 35787K, committed 35840K, reserved 1081344K
  class space    used 4050K, capacity 4458K, committed 4480K, reserved 1048576K
}

